<?xml version="1.0" encoding="UTF-8"?>
<!-- Generated by org.testng.reporters.JUnitReportReporter -->
<testsuite hostname="DESKTOP-R4ERU1Q" failures="0" tests="2" name="validate" time="5.239" errors="0" timestamp="2025-04-17T16:24:29 IST" skipped="0">
  <testcase classname="validate" name="testing" time="4.844"/>
  <testcase classname="validate" name="testing2" time="0.395"/>
</testsuite> <!-- validate -->
